[2026-05-02 09:02:40] ==========================================
[2026-05-02 09:02:40] 🚀 TradeGo SEO自动任务 v3 开始
[2026-05-02 09:02:40]    基于 google-seo-master (Google Search Central官方文档)
[2026-05-02 09:02:40] ==========================================
[2026-05-02 09:02:40] 📦 检查Git状态...
[2026-05-02 09:02:40] ⚠️ 有未提交的更改，暂存并拉取最新...
[2026-05-02 09:02:41] 
[2026-05-02 09:02:41] ========== 技术SEO检测 (40分) ==========
[2026-05-02 09:02:41] 🤖 检查robots.txt...
[2026-05-02 09:02:42]    ✅ robots.txt可访问 (HTTP 200)
[2026-05-02 09:02:42] 📄 检查sitemap.xml...
[2026-05-02 09:02:42]    ✅ sitemap.xml可访问 (HTTP 200)
[2026-05-02 09:02:43]    📊 Sitemap包含 870 个URL
[2026-05-02 09:02:43] 🔒 检查HTTPS配置...
[2026-05-02 09:02:43]    ✅ HTTPS配置正确 (SSL验证通过)
[2026-05-02 09:02:43] 📱 检查移动端适配...
[2026-05-02 09:02:44]    ✅ 移动端viewport已配置
[2026-05-02 09:02:44] ⚡ 检查性能指标 (Core Web Vitals代理)...
[2026-05-02 09:02:45]    ✅ /en TTFB: 492.361000ms (良好 <800ms)
[2026-05-02 09:02:47]    ✅ /zh TTFB: 504.956000ms (良好 <800ms)
[2026-05-02 09:02:47] 📋 检查结构化数据...
[2026-05-02 09:02:48]    ✅ 结构化数据完整 (3个页面)
[2026-05-02 09:02:48]    📋 Schema类型: FAQPage, Product, Organization, WebSite, FAQPage, Product, Organization, WebSite, FAQPage, Product, Organization, BreadcrumbList, WebSite
[2026-05-02 09:02:48] 🔗 检查Canonical URL...
[2026-05-02 09:02:49]    ✅ /en canonical: https://www.tradego-fasteners.com/en
[2026-05-02 09:02:50]    ✅ /zh canonical: https://www.tradego-fasteners.com/zh
[2026-05-02 09:02:50] 🌐 检查hreflang多语言配置...
[2026-05-02 09:02:50]    ✅ hreflang配置: 
[2026-05-02 09:02:50] 🤖 检查Robots Meta Tags...
[2026-05-02 09:02:51]    ✅ /en robots meta正常
[2026-05-02 09:02:51]    ✅ /zh robots meta正常
[2026-05-02 09:02:51] 
[2026-05-02 09:02:51] ========== 内容SEO检测 (40分) ==========
[2026-05-02 09:02:51] 📝 检查页面标题...
[2026-05-02 09:02:52]    ⚠️ /en 标题: "TradeGo Fasteners - China Manufacturer for Zimbabwe &amp; Southern Africa | ISO 9001, SABS" (90字符, 建议<70)
[2026-05-02 09:02:52]    ✅ /zh 标题: "TradeGo紧固件 - 中国对非出口厂家 | ISO 9001, SABS认证" (66字符)
[2026-05-02 09:02:52] 📄 检查Meta描述...
[2026-05-02 09:02:53]    ⚠️ /en Meta描述: 217字符 (建议50-160)
[2026-05-02 09:02:54]    ⚠️ /zh Meta描述: 202字符 (建议50-160)
[2026-05-02 09:02:54] 📑 检查H标签结构...
[2026-05-02 09:02:54]    ✅ /en H1:       1 H2:       9
