[2026-04-28 08:00:00] ==========================================
[2026-04-28 08:00:00] 🚀 TradeGo SEO自动任务 v3 开始
[2026-04-28 08:00:00]    基于 google-seo-master (Google Search Central官方文档)
[2026-04-28 08:00:00] ==========================================
[2026-04-28 08:00:00] 📦 检查Git状态...
[2026-04-28 08:00:00] ⚠️ 有未提交的更改，暂存并拉取最新...
[2026-04-28 08:00:01] 
[2026-04-28 08:00:01] ========== 技术SEO检测 (40分) ==========
[2026-04-28 08:00:01] 🤖 检查robots.txt...
[2026-04-28 08:00:02]    ✅ robots.txt可访问 (HTTP 200)
[2026-04-28 08:00:02] 📄 检查sitemap.xml...
[2026-04-28 08:00:03]    ✅ sitemap.xml可访问 (HTTP 200)
[2026-04-28 08:00:04]    📊 Sitemap包含 1290 个URL
[2026-04-28 08:00:04] 🔒 检查HTTPS配置...
[2026-04-28 08:00:04]    ✅ HTTPS配置正确 (SSL验证通过)
[2026-04-28 08:00:04] 📱 检查移动端适配...
[2026-04-28 08:00:06]    ✅ 移动端viewport已配置
[2026-04-28 08:00:06] ⚡ 检查性能指标 (Core Web Vitals代理)...
[2026-04-28 08:00:07]    ✅ /en TTFB: 494.867000ms (良好 <800ms)
[2026-04-28 08:00:08]    ⚠️ /zh TTFB: 858.630000ms (需优化 ≥800ms)
[2026-04-28 08:00:08] 📋 检查结构化数据...
[2026-04-28 08:00:11]    ✅ 结构化数据完整 (3个页面)
[2026-04-28 08:00:11]    📋 Schema类型: FAQPage, Product, Organization, WebSite, FAQPage, Product, Organization, WebSite, FAQPage, Product, Organization, BreadcrumbList, WebSite
[2026-04-28 08:00:11] 🔗 检查Canonical URL...
[2026-04-28 08:00:11]    ✅ /en canonical: https://www.tradego-fasteners.com/en
[2026-04-28 08:00:12]    ✅ /zh canonical: https://www.tradego-fasteners.com/zh
[2026-04-28 08:00:12] 🌐 检查hreflang多语言配置...
[2026-04-28 08:00:12]    ✅ hreflang配置: 
[2026-04-28 08:00:12] 🤖 检查Robots Meta Tags...
[2026-04-28 08:00:13]    ✅ /en robots meta正常
[2026-04-28 08:00:14]    ✅ /zh robots meta正常
[2026-04-28 08:00:14] 
[2026-04-28 08:00:14] ========== 内容SEO检测 (40分) ==========
[2026-04-28 08:00:14] 📝 检查页面标题...
[2026-04-28 08:00:14]    ⚠️ /en 标题: "TradeGo Fasteners - China Manufacturer for Zimbabwe &amp; Southern Africa | ISO 9001, SABS" (90字符, 建议<70)
[2026-04-28 08:00:15]    ✅ /zh 标题: "TradeGo紧固件 - 中国对非出口厂家 | ISO 9001, SABS认证" (66字符)
[2026-04-28 08:00:15] 📄 检查Meta描述...
[2026-04-28 08:00:16]    ⚠️ /en Meta描述: 217字符 (建议50-160)
[2026-04-28 08:00:16]    ⚠️ /zh Meta描述: 202字符 (建议50-160)
[2026-04-28 08:00:16] 📑 检查H标签结构...
[2026-04-28 08:00:17]    ✅ /en H1:       1 H2:      14
[2026-04-28 08:00:17]    ✅ /zh H1:       1 H2:      14
[2026-04-28 08:00:17] 🖼️ 检查图片Alt属性...
[2026-04-28 08:00:18]    ✅ /en Alt覆盖率: 100%
[2026-04-28 08:00:19]    ✅ /zh Alt覆盖率: 100%
[2026-04-28 08:00:19]    📊 全局Alt覆盖率: 100%
[2026-04-28 08:00:19] 📱 检查响应式图片 (srcset/picture)...
[2026-04-28 08:00:19]    ⚠️ /en 未使用响应式图片
[2026-04-28 08:00:20]    ⚠️ /zh 未使用响应式图片
[2026-04-28 08:00:20] 🔗 检查URL结构...
[2026-04-28 08:00:21]    ✅ /en/products URL结构良好 (描述性URL)
[2026-04-28 08:00:21]    ✅ /zh/products URL结构良好 (描述性URL)
[2026-04-28 08:00:21] 📖 检查E-E-A-T内容质量...
[2026-04-28 08:00:23]    ✅ 作者/团队信息: 发现
[2026-04-28 08:00:23]    ✅ 行业经验/认证: 发现
[2026-04-28 08:00:23]    ✅ 信任信号(联系信息): 发现
[2026-04-28 08:00:23] 
[2026-04-28 08:00:23] ========== 离页SEO监测 (20分) ==========
[2026-04-28 08:00:23] 🔗 检查外链建设...
[2026-04-28 08:00:23]    📋 外链建设: 待建设
[2026-04-28 08:00:23]    💡 建议: 主动联系行业相关网站交换链接
[2026-04-28 08:00:23] 📢 检查社媒集成...
[2026-04-28 08:00:23]    ✅ 发现3个社媒平台集成
[2026-04-28 08:00:23] 🏷️ 检查品牌提及...
[2026-04-28 08:00:23]    ✅ 品牌关键词自然出现
[2026-04-28 08:00:23] 
[2026-04-28 08:00:23] ========== 404链接检测 ==========
[2026-04-28 08:00:23] 🔍 扫描sitemap中的链接...
[2026-04-28 08:00:41]    ✅ 检查了20个链接，无损坏链接
[2026-04-28 08:00:41] 
[2026-04-28 08:00:41] ========== GEO文章生成 ==========
[2026-04-28 08:00:41] 🌍 生成津巴布韦边境市场GEO文章...
./scripts/auto-seo-v2.sh: line 480: node: command not found
[2026-04-28 08:00:41] 📝 没有新增文章（津巴布韦边境市场已全覆盖）
[2026-04-28 08:00:41] 
[2026-04-28 08:00:41] ========== 关键词排名追踪 ==========
[2026-04-28 08:00:41] 📊 目标关键词追踪:
[2026-04-28 08:00:41]    🎯 drywall screws manufacturer
[2026-04-28 08:00:41]    🎯 IBR nails supplier
[2026-04-28 08:00:41]    🎯 fastener wholesale Africa
[2026-04-28 08:00:41]    🎯 China fastener exporter
[2026-04-28 08:00:41]    🎯 drywall screws China
[2026-04-28 08:00:41]    📅 上次更新: 2026-04-26
[2026-04-28 08:00:41]    💡 如需更新排名，请编辑: /Users/zhangming/workspace/tradego-fasteners-v2/logs/keyword-rankings.csv
[2026-04-28 08:00:41] 
[2026-04-28 08:00:41] ========== 竞品分析 ==========
[2026-04-28 08:00:41] 🔍 主要竞争对手:
[2026-04-28 08:00:41]    👥 fastenersofsouthafrica.com
[2026-04-28 08:00:41]    👥 africanfasteners.com
[2026-04-28 08:00:41]    👥 chinahardwaretools.com
[2026-04-28 08:00:41]    💡 建议: 定期检查竞品外链和关键词策略
[2026-04-28 08:00:41] 
[2026-04-28 08:00:41] ========== SEO评分总结 ==========
[2026-04-28 08:00:41] 📊 总分: 73 / 100
[2026-04-28 08:00:41] 🏆 SEO等级: B (良好)
[2026-04-28 08:00:41] 📚 总文章数:      123
[2026-04-28 08:00:41] 🌍 津巴布韦边境市场文章:       14
[2026-04-28 08:00:41] 
[2026-04-28 08:00:41] ========== Git同步 ==========
[2026-04-28 09:03:18] 
[2026-04-28 09:03:19] ========== 技术SEO检测 (40分) ==========
[2026-04-28 09:03:19] 🤖 检查robots.txt...
[2026-04-28 09:03:19]    ✅ robots.txt可访问 (HTTP 200)
[2026-04-28 09:03:19] 📄 检查sitemap.xml...
[2026-04-28 09:03:20]    ✅ sitemap.xml可访问 (HTTP 200)
[2026-04-28 09:03:21]    📊 Sitemap包含 1290 个URL
[2026-04-28 09:03:21] 🔒 检查HTTPS配置...
[2026-04-28 09:03:22]    ✅ HTTPS配置正确 (SSL验证通过)
[2026-04-28 09:03:22] 📱 检查移动端适配...
[2026-04-28 09:03:23]    ✅ 移动端viewport已配置
[2026-04-28 09:03:23] ⚡ 检查性能指标 (Core Web Vitals代理)...
[2026-04-28 09:03:24]    ✅ /en TTFB: 548.662000ms (良好 <800ms)
[2026-04-28 09:03:26]    ⚠️ /zh TTFB: 1054.693000ms (需优化 ≥800ms)
[2026-04-28 09:03:26] 📋 检查结构化数据...
[2026-04-28 09:03:28]    ✅ 结构化数据完整 (3个页面)
[2026-04-28 09:03:28]    📋 Schema类型: FAQPage, Product, Organization, WebSite, FAQPage, Product, Organization, WebSite, FAQPage, Product, Organization, BreadcrumbList, WebSite
[2026-04-28 09:03:28] 🔗 检查Canonical URL...
[2026-04-28 09:03:29]    ✅ /en canonical: https://www.tradego-fasteners.com/en
[2026-04-28 09:03:29]    ✅ /zh canonical: https://www.tradego-fasteners.com/zh
[2026-04-28 09:03:29] 🌐 检查hreflang多语言配置...
[2026-04-28 09:03:30]    ✅ hreflang配置: 
[2026-04-28 09:03:30] 🤖 检查Robots Meta Tags...
[2026-04-28 09:03:31]    ✅ /en robots meta正常
[2026-04-28 09:03:31]    ✅ /zh robots meta正常
[2026-04-28 09:03:31] 
[2026-04-28 09:03:31] ========== 内容SEO检测 (40分) ==========
[2026-04-28 09:03:31] 📝 检查页面标题...
[2026-04-28 09:03:32]    ⚠️ /en 标题: "TradeGo Fasteners - China Manufacturer for Zimbabwe &amp; Southern Africa | ISO 9001, SABS" (90字符, 建议<70)
[2026-04-28 09:03:32]    ✅ /zh 标题: "TradeGo紧固件 - 中国对非出口厂家 | ISO 9001, SABS认证" (66字符)
[2026-04-28 09:03:32] 📄 检查Meta描述...
[2026-04-28 09:03:33]    ⚠️ /en Meta描述: 217字符 (建议50-160)
[2026-04-28 09:03:33]    ⚠️ /zh Meta描述: 202字符 (建议50-160)
[2026-04-28 09:03:33] 📑 检查H标签结构...
[2026-04-28 09:03:34]    ✅ /en H1:       1 H2:      14
[2026-04-28 09:03:35]    ✅ /zh H1:       1 H2:      14
[2026-04-28 09:03:35] 🖼️ 检查图片Alt属性...
[2026-04-28 09:03:35]    ✅ /en Alt覆盖率: 100%
[2026-04-28 09:03:36]    ✅ /zh Alt覆盖率: 100%
[2026-04-28 09:03:36]    📊 全局Alt覆盖率: 100%
[2026-04-28 09:03:36] 📱 检查响应式图片 (srcset/picture)...
[2026-04-28 09:03:36]    ⚠️ /en 未使用响应式图片
[2026-04-28 09:03:37]    ⚠️ /zh 未使用响应式图片
[2026-04-28 09:03:37] 🔗 检查URL结构...
[2026-04-28 09:03:37]    ✅ /en/products URL结构良好 (描述性URL)
[2026-04-28 09:03:38]    ✅ /zh/products URL结构良好 (描述性URL)
[2026-04-28 09:03:38] 📖 检查E-E-A-T内容质量...
[2026-04-28 09:03:39]    ✅ 作者/团队信息: 发现
[2026-04-28 09:03:39]    ✅ 行业经验/认证: 发现
[2026-04-28 09:03:39]    ✅ 信任信号(联系信息): 发现
[2026-04-28 09:03:39] 
[2026-04-28 09:03:39] ========== 离页SEO监测 (20分) ==========
[2026-04-28 09:03:40] 🔗 检查外链建设...
[2026-04-28 09:03:40]    📋 外链建设: 待建设
[2026-04-28 09:03:40]    💡 建议: 主动联系行业相关网站交换链接
[2026-04-28 09:03:40] 📢 检查社媒集成...
[2026-04-28 09:03:40]    ✅ 发现3个社媒平台集成
[2026-04-28 09:03:40] 🏷️ 检查品牌提及...
[2026-04-28 09:03:40]    ✅ 品牌关键词自然出现
[2026-04-28 09:03:40] 
[2026-04-28 09:03:40] ========== 404链接检测 ==========
[2026-04-28 09:03:40] 🔍 扫描sitemap中的链接...
[2026-04-28 09:03:57]    ✅ 检查了20个链接，无损坏链接
[2026-04-28 09:03:57] 
[2026-04-28 09:03:57] ========== GEO文章生成 ==========
[2026-04-28 09:03:57] 🌍 生成津巴布韦边境市场GEO文章...

🚀 TradeGo GEO - Zimbabwe Border Markets Article Generator
============================================================
[2026-04-28T01:03:57.499Z] 开始生成津巴布韦边境市场GEO文章
[2026-04-28T01:03:57.500Z] 已有 123 篇文章
[2026-04-28T01:03:57.500Z] 已覆盖国家: Botswana, Zambia, Mozambique, South Africa

🎉 所有目标国家已覆盖！无需生成新文章。

[2026-04-28T01:03:57.500Z] 所有目标国家已覆盖，任务完成
[2026-04-28 09:03:57] 📝 没有新增文章（津巴布韦边境市场已全覆盖）
[2026-04-28 09:03:57] 
[2026-04-28 09:03:57] ========== 关键词排名追踪 ==========
[2026-04-28 09:03:57] 📊 目标关键词追踪:
[2026-04-28 09:03:57]    🎯 drywall screws manufacturer
[2026-04-28 09:03:57]    🎯 IBR nails supplier
[2026-04-28 09:03:57]    🎯 fastener wholesale Africa
[2026-04-28 09:03:57]    🎯 China fastener exporter
[2026-04-28 09:03:57]    🎯 drywall screws China
[2026-04-28 09:03:57]    📅 上次更新: 2026-04-26
[2026-04-28 09:03:57]    💡 如需更新排名，请编辑: /Users/zhangming/workspace/tradego-fasteners-v2/logs/keyword-rankings.csv
[2026-04-28 09:03:57] 
[2026-04-28 09:03:57] ========== 竞品分析 ==========
[2026-04-28 09:03:57] 🔍 主要竞争对手:
[2026-04-28 09:03:57]    👥 fastenersofsouthafrica.com
[2026-04-28 09:03:57]    👥 africanfasteners.com
[2026-04-28 09:03:57]    👥 chinahardwaretools.com
[2026-04-28 09:03:57]    💡 建议: 定期检查竞品外链和关键词策略
[2026-04-28 09:03:57] 
[2026-04-28 09:03:57] ========== SEO评分总结 ==========
[2026-04-28 09:03:57] 📊 总分: 73 / 100
[2026-04-28 09:03:57] 🏆 SEO等级: B (良好)
[2026-04-28 09:03:57] 📚 总文章数:      123
[2026-04-28 09:03:57] 🌍 津巴布韦边境市场文章:       14
[2026-04-28 09:03:57] 
[2026-04-28 09:03:57] ========== Git同步 ==========
[main e0d90e4] SEO Auto Update: 2026-04-28 09:03 | Score: 73 | 0 new articles
 Committer: zhangming <zhangming@Mac.lan>
Your name and email address were configured automatically based
on your username and hostname. Please check that they are accurate.
You can suppress this message by setting them explicitly:

    git config --global user.name "Your Name"
    git config --global user.email you@example.com

After doing this, you may fix the identity used for this commit with:

    git commit --amend --reset-author

 16 files changed, 519 insertions(+)
 create mode 100644 logs/geo-generation-2026-04-28.log
 create mode 100644 logs/geo-health-2026-04-28.json
 create mode 100644 public/images/articles/backup/africa-building-1.jpg
 create mode 100644 public/images/articles/backup/africa-city-1.jpg
 create mode 100644 public/images/articles/backup/africa-construction-1.jpg
 create mode 100644 public/images/articles/backup/africa-industrial-1.jpg
 create mode 100644 public/images/articles/backup/africa-infrastructure-1.jpg
 create mode 100644 public/images/articles/backup/africa-logistics-1.jpg
 create mode 100644 public/images/articles/backup/africa-mining-1.jpg
 create mode 100644 public/images/articles/backup/africa-road-1.jpg
 create mode 100644 public/images/articles/backup/africa-steel-1.jpg
 create mode 100644 public/images/articles/backup/mining-conveyor-1.jpg
 create mode 100644 public/images/articles/backup/southern-africa-1.jpg
 create mode 100644 public/images/products/hex-bolts-new.jpg
 create mode 100755 scripts/seo-image-optimize.sh
To https://github.com/ipedmond9951-blip/tradego-fasteners-v2.git
   97be99f..e0d90e4  main -> main
[2026-04-28 09:04:00] ✅ 已提交并推送，Vercel将自动部署
[2026-04-28 09:04:00] 
[2026-04-28 09:04:00] ========== 待优化建议 ==========
[2026-04-28 09:04:00] 📋 技术SEO: Core Web Vitals需使用专业工具检测
[2026-04-28 09:04:00] 📋 离页SEO: 需主动建设外链资源
[2026-04-28 09:04:00] 📋 社媒: 建议添加LinkedIn/Facebook分享功能
[2026-04-28 09:04:00] 📋 内容: 持续生成高质量GEO文章
[2026-04-28 09:04:00] 📋 排名追踪: 请手动更新 /Users/zhangming/workspace/tradego-fasteners-v2/logs/keyword-rankings.csv 中的关键词排名
[2026-04-28 09:04:00] ==========================================
[2026-04-28 09:04:00] ✅ SEO自动任务完成
[2026-04-28 09:04:00] ==========================================
