[2026-04-27 08:00:00] ==========================================
[2026-04-27 08:00:00] 🚀 TradeGo SEO自动任务 v3 开始
[2026-04-27 08:00:00]    基于 google-seo-master (Google Search Central官方文档)
[2026-04-27 08:00:00] ==========================================
[2026-04-27 08:00:00] 📦 检查Git状态...
[2026-04-27 08:00:01] ⚠️ 有未提交的更改，暂存并拉取最新...
No local changes to save
Already up to date.
[2026-04-27 08:00:02] 
[2026-04-27 08:00:02] ========== 技术SEO检测 (40分) ==========
[2026-04-27 08:00:02] 🤖 检查robots.txt...
[2026-04-27 08:00:03]    ✅ robots.txt可访问 (HTTP 200)
[2026-04-27 08:00:03] 📄 检查sitemap.xml...
[2026-04-27 08:00:03]    ✅ sitemap.xml可访问 (HTTP 200)
[2026-04-27 08:00:04]    📊 Sitemap包含 1290 个URL
[2026-04-27 08:00:04] 🔒 检查HTTPS配置...
[2026-04-27 08:00:05]    ✅ HTTPS配置正确 (SSL验证通过)
[2026-04-27 08:00:05] 📱 检查移动端适配...
[2026-04-27 08:00:06]    ✅ 移动端viewport已配置
[2026-04-27 08:00:06] ⚡ 检查性能指标 (Core Web Vitals代理)...
[2026-04-27 08:00:08]    ✅ /en TTFB: 621.451000ms (良好 <800ms)
[2026-04-27 08:00:09]    ⚠️ /zh TTFB: 1083.958000ms (需优化 ≥800ms)
[2026-04-27 08:00:09] 📋 检查结构化数据...
[2026-04-27 08:00:12]    ✅ 结构化数据完整 (3个页面)
[2026-04-27 08:00:12]    📋 Schema类型: FAQPage, Product, Organization, WebSite, FAQPage, Product, Organization, WebSite, FAQPage, Product, Organization, BreadcrumbList, WebSite
[2026-04-27 08:00:12] 🔗 检查Canonical URL...
[2026-04-27 08:00:13]    ✅ /en canonical: /en
[2026-04-27 08:00:13]    ✅ /zh canonical: /zh
[2026-04-27 08:00:13] 🌐 检查hreflang多语言配置...
[2026-04-27 08:00:15]    ✅ hreflang配置: 
[2026-04-27 08:00:15] 🤖 检查Robots Meta Tags...
[2026-04-27 08:00:15]    ✅ /en robots meta正常
[2026-04-27 08:00:16]    ✅ /zh robots meta正常
[2026-04-27 08:00:16] 
[2026-04-27 08:00:16] ========== 内容SEO检测 (40分) ==========
[2026-04-27 08:00:16] 📝 检查页面标题...
[2026-04-27 08:00:16]    ⚠️ /en 标题: "TradeGo Fasteners - China Manufacturer for Zimbabwe &amp; Southern Africa | ISO 9001, SABS" (90字符, 建议<70)
[2026-04-27 08:00:17]    ✅ /zh 标题: "TradeGo紧固件 - 中国对非出口厂家 | ISO 9001, SABS认证" (66字符)
[2026-04-27 08:00:17] 📄 检查Meta描述...
[2026-04-27 08:00:18]    ⚠️ /en Meta描述: 217字符 (建议50-160)
[2026-04-27 08:00:18]    ⚠️ /zh Meta描述: 202字符 (建议50-160)
[2026-04-27 08:00:18] 📑 检查H标签结构...
[2026-04-27 08:00:19]    ✅ /en H1:       1 H2:      14
[2026-04-27 08:00:20]    ✅ /zh H1:       1 H2:      14
[2026-04-27 08:00:20] 🖼️ 检查图片Alt属性...
[2026-04-27 08:00:20]    ✅ /en Alt覆盖率: 100%
[2026-04-27 08:00:21]    ✅ /zh Alt覆盖率: 100%
[2026-04-27 08:00:21]    📊 全局Alt覆盖率: 100%
[2026-04-27 08:00:21] 📱 检查响应式图片 (srcset/picture)...
./scripts/auto-seo-v2.sh: line 329: [: 0
0: integer expression expected
./scripts/auto-seo-v2.sh: line 329: [: 0
0: integer expression expected
[2026-04-27 08:00:21]    ⚠️ /en 未使用响应式图片
./scripts/auto-seo-v2.sh: line 329: [: 0
0: integer expression expected
./scripts/auto-seo-v2.sh: line 329: [: 0
0: integer expression expected
[2026-04-27 08:00:22]    ⚠️ /zh 未使用响应式图片
[2026-04-27 08:00:22] 🔗 检查URL结构...
[2026-04-27 08:00:23]    ✅ /en/products URL结构良好 (描述性URL)
[2026-04-27 08:00:23]    ✅ /zh/products URL结构良好 (描述性URL)
[2026-04-27 08:00:23] 📖 检查E-E-A-T内容质量...
[2026-04-27 08:00:25]    ✅ 作者/团队信息: 发现
[2026-04-27 08:00:25]    ✅ 行业经验/认证: 发现
[2026-04-27 08:00:25]    ✅ 信任信号(联系信息): 发现
[2026-04-27 08:00:25] 
[2026-04-27 08:00:25] ========== 离页SEO监测 (20分) ==========
[2026-04-27 08:00:25] 🔗 检查外链建设...
[2026-04-27 08:00:25]    📋 外链建设: 待建设
[2026-04-27 08:00:25]    💡 建议: 主动联系行业相关网站交换链接
[2026-04-27 08:00:25] 📢 检查社媒集成...
[2026-04-27 08:00:25]    ✅ 发现3个社媒平台集成
[2026-04-27 08:00:25] 🏷️ 检查品牌提及...
[2026-04-27 08:00:25]    ✅ 品牌关键词自然出现
[2026-04-27 08:00:25] 
[2026-04-27 08:00:25] ========== 404链接检测 ==========
[2026-04-27 08:00:25] 🔍 扫描sitemap中的链接...
[2026-04-27 08:00:38]    ✅ 检查了20个链接，无损坏链接
[2026-04-27 08:00:38] 
[2026-04-27 08:00:38] ========== GEO文章生成 ==========
[2026-04-27 08:00:38] 🌍 生成津巴布韦边境市场GEO文章...
./scripts/auto-seo-v2.sh: line 480: node: command not found
[2026-04-27 08:00:38] 📝 没有新增文章（津巴布韦边境市场已全覆盖）
[2026-04-27 08:00:38] 
[2026-04-27 08:00:38] ========== 关键词排名追踪 ==========
[2026-04-27 08:00:38] 📊 目标关键词追踪:
[2026-04-27 08:00:38]    🎯 drywall screws manufacturer
[2026-04-27 08:00:38]    🎯 IBR nails supplier
[2026-04-27 08:00:38]    🎯 fastener wholesale Africa
[2026-04-27 08:00:38]    🎯 China fastener exporter
[2026-04-27 08:00:38]    🎯 drywall screws China
[2026-04-27 08:00:38]    📅 上次更新: 2026-04-26
[2026-04-27 08:00:38]    💡 如需更新排名，请编辑: /Users/zhangming/workspace/tradego-fasteners-v2/logs/keyword-rankings.csv
[2026-04-27 08:00:38] 
[2026-04-27 08:00:38] ========== 竞品分析 ==========
[2026-04-27 08:00:38] 🔍 主要竞争对手:
[2026-04-27 08:00:38]    👥 fastenersofsouthafrica.com
[2026-04-27 08:00:38]    👥 africanfasteners.com
[2026-04-27 08:00:38]    👥 chinahardwaretools.com
[2026-04-27 08:00:38]    💡 建议: 定期检查竞品外链和关键词策略
[2026-04-27 08:00:38] 
[2026-04-27 08:00:38] ========== SEO评分总结 ==========
[2026-04-27 08:00:38] 📊 总分: 73 / 100
[2026-04-27 08:00:38] 🏆 SEO等级: B (良好)
[2026-04-27 08:00:38] 📚 总文章数:      123
[2026-04-27 08:00:38] 🌍 津巴布韦边境市场文章:       14
[2026-04-27 08:00:38] 
[2026-04-27 08:00:38] ========== Git同步 ==========
