[2026-04-26T00:29:52.148Z] 开始生成津巴布韦边境市场GEO文章
[2026-04-26T00:29:52.150Z] 已有 116 篇文章
[2026-04-26T00:29:52.150Z] 已覆盖国家: Botswana, Zambia, Mozambique
[2026-04-26T00:29:52.150Z] 将生成 1 篇新文章
[2026-04-26T00:29:52.151Z] 生成文章: south africa-fasteners-china-import-guide
[2026-04-26T00:29:52.151Z] 任务完成。成功生成 1 篇文章: south africa-fasteners-china-import-guide
[2026-04-26T00:51:13.114Z] 开始生成津巴布韦边境市场GEO文章
[2026-04-26T00:51:13.115Z] 已有 117 篇文章
[2026-04-26T00:51:13.115Z] 已覆盖国家: Botswana, Zambia, Mozambique, South Africa
[2026-04-26T00:51:13.115Z] 所有目标国家已覆盖，任务完成
[2026-04-26T00:52:46.813Z] 开始生成津巴布韦边境市场GEO文章
[2026-04-26T00:52:46.814Z] 已有 117 篇文章
[2026-04-26T00:52:46.814Z] 已覆盖国家: Botswana, Zambia, Mozambique, South Africa
[2026-04-26T00:52:46.814Z] 所有目标国家已覆盖，任务完成
[2026-04-26T00:55:33.552Z] 开始生成津巴布韦边境市场GEO文章
[2026-04-26T00:55:33.553Z] 已有 117 篇文章
[2026-04-26T00:55:33.554Z] 已覆盖国家: Botswana, Zambia, Mozambique, South Africa
[2026-04-26T00:55:33.554Z] 所有目标国家已覆盖，任务完成
[2026-04-26T00:56:30.957Z] 开始生成津巴布韦边境市场GEO文章
[2026-04-26T00:56:30.958Z] 已有 117 篇文章
[2026-04-26T00:56:30.958Z] 已覆盖国家: Botswana, Zambia, Mozambique, South Africa
[2026-04-26T00:56:30.958Z] 所有目标国家已覆盖，任务完成
[2026-04-26T01:39:32.678Z] 开始生成津巴布韦边境市场GEO文章
[2026-04-26T01:39:32.679Z] 已有 117 篇文章
[2026-04-26T01:39:32.680Z] 已覆盖国家: Botswana, Zambia, Mozambique, South Africa
[2026-04-26T01:39:32.680Z] 所有目标国家已覆盖，任务完成
[2026-04-26T01:41:14.445Z] 开始生成津巴布韦边境市场GEO文章
[2026-04-26T01:41:14.446Z] 已有 117 篇文章
[2026-04-26T01:41:14.446Z] 已覆盖国家: Botswana, Zambia, Mozambique, South Africa
[2026-04-26T01:41:14.446Z] 所有目标国家已覆盖，任务完成
[2026-04-26T01:46:38.491Z] 开始生成津巴布韦边境市场GEO文章
[2026-04-26T01:46:38.492Z] 已有 117 篇文章
[2026-04-26T01:46:38.492Z] 已覆盖国家: Botswana, Zambia, Mozambique, South Africa
[2026-04-26T01:46:38.492Z] 所有目标国家已覆盖，任务完成
[2026-04-26T01:50:56.481Z] 开始生成津巴布韦边境市场GEO文章
[2026-04-26T01:50:56.482Z] 已有 117 篇文章
[2026-04-26T01:50:56.482Z] 已覆盖国家: Botswana, Zambia, Mozambique, South Africa
[2026-04-26T01:50:56.483Z] 所有目标国家已覆盖，任务完成
[2026-04-26T02:16:02.900Z] 开始生成津巴布韦边境市场GEO文章
[2026-04-26T02:16:02.903Z] 已有 117 篇文章
[2026-04-26T02:16:02.903Z] 已覆盖国家: Botswana, Zambia, Mozambique, South Africa
[2026-04-26T02:16:02.903Z] 所有目标国家已覆盖，任务完成
[2026-04-26T02:38:19.307Z] 开始生成津巴布韦边境市场GEO文章
[2026-04-26T02:38:19.309Z] 已有 117 篇文章
[2026-04-26T02:38:19.309Z] 已覆盖国家: Botswana, Zambia, Mozambique, South Africa
[2026-04-26T02:38:19.309Z] 所有目标国家已覆盖，任务完成
[2026-04-26T02:39:00.962Z] 开始生成津巴布韦边境市场GEO文章
[2026-04-26T02:39:00.963Z] 已有 117 篇文章
[2026-04-26T02:39:00.963Z] 已覆盖国家: Botswana, Zambia, Mozambique, South Africa
[2026-04-26T02:39:00.963Z] 所有目标国家已覆盖，任务完成
[2026-04-26T02:55:31.975Z] 开始生成津巴布韦边境市场GEO文章
[2026-04-26T02:55:31.976Z] 已有 117 篇文章
[2026-04-26T02:55:31.976Z] 已覆盖国家: Botswana, Zambia, Mozambique, South Africa
[2026-04-26T02:55:31.976Z] 所有目标国家已覆盖，任务完成
[2026-04-26T03:13:06.593Z] 开始生成津巴布韦边境市场GEO文章
[2026-04-26T03:13:06.594Z] 已有 117 篇文章
[2026-04-26T03:13:06.594Z] 已覆盖国家: Botswana, Zambia, Mozambique, South Africa
[2026-04-26T03:13:06.594Z] 所有目标国家已覆盖，任务完成
[2026-04-26T03:13:44.130Z] 开始生成津巴布韦边境市场GEO文章
[2026-04-26T03:13:44.131Z] 已有 119 篇文章
[2026-04-26T03:13:44.131Z] 已覆盖国家: Botswana, Zambia, Mozambique, South Africa
[2026-04-26T03:13:44.131Z] 所有目标国家已覆盖，任务完成
[2026-04-26T03:15:09.866Z] 开始生成津巴布韦边境市场GEO文章
[2026-04-26T03:15:09.868Z] 已有 123 篇文章
[2026-04-26T03:15:09.868Z] 已覆盖国家: Botswana, Zambia, Mozambique, South Africa
[2026-04-26T03:15:09.868Z] 所有目标国家已覆盖，任务完成
[2026-04-26T03:15:50.381Z] 开始生成津巴布韦边境市场GEO文章
[2026-04-26T03:15:50.382Z] 已有 123 篇文章
[2026-04-26T03:15:50.382Z] 已覆盖国家: Botswana, Zambia, Mozambique, South Africa
[2026-04-26T03:15:50.382Z] 所有目标国家已覆盖，任务完成
[2026-04-26T03:17:16.307Z] 开始生成津巴布韦边境市场GEO文章
[2026-04-26T03:17:16.308Z] 已有 123 篇文章
[2026-04-26T03:17:16.309Z] 已覆盖国家: Botswana, Zambia, Mozambique, South Africa
[2026-04-26T03:17:16.309Z] 所有目标国家已覆盖，任务完成
[2026-04-26T03:20:39.055Z] 开始生成津巴布韦边境市场GEO文章
[2026-04-26T03:20:39.057Z] 已有 123 篇文章
[2026-04-26T03:20:39.057Z] 已覆盖国家: Botswana, Zambia, Mozambique, South Africa
[2026-04-26T03:20:39.057Z] 所有目标国家已覆盖，任务完成
[2026-04-26T05:39:12.206Z] 开始生成津巴布韦边境市场GEO文章
[2026-04-26T05:39:12.207Z] 已有 123 篇文章
[2026-04-26T05:39:12.208Z] 已覆盖国家: Botswana, Zambia, Mozambique, South Africa
[2026-04-26T05:39:12.208Z] 所有目标国家已覆盖，任务完成
